<?xml version="1.0" encoding="UTF-8"?>
<!-- Generated by org.testng.reporters.JUnitReportReporter -->
<testsuite hostname="Rooks-MacBook-Pro.local" failures="0" tests="1" name="Tests.Register" time="3.744" errors="0" timestamp="2024-10-16T12:21:18 EDT" skipped="0">
  <testcase classname="Tests.Register" name="verifyRegister" time="3.744"/>
</testsuite> <!-- Tests.Register -->
