<?xml version="1.0" encoding="UTF-8"?>
<!-- Generated by org.testng.reporters.JUnitReportReporter -->
<testsuite hostname="Rooks-MacBook-Pro.local" failures="0" tests="1" name="Tests.Login" time="9.645" errors="0" timestamp="2024-10-21T17:44:32 EDT" skipped="0">
  <testcase classname="Tests.Login" name="LandingPage" time="9.645"/>
</testsuite> <!-- Tests.Login -->
